<?xml version="1.0" encoding="UTF-8"?>
<testsuite xmlns:xsi="http://www.w3.org/2001/XMLSchema-instance" xsi:noNamespaceSchemaLocation="https://maven.apache.org/surefire/maven-surefire-plugin/xsd/surefire-test-report-3.0.xsd" version="3.0" name="com.bolsadeideas.springboot.app.ParcialPruebasSaberApplicationTests" time="5.977" tests="1" errors="0" skipped="0" failures="0">
  <properties>
[...]
</properties>
  <testcase name="contextLoads" classname="com.bolsadeideas.springboot.app.ParcialPruebasSaberApplicationTests" time="1.192">
    <system-out><![CDATA[20:30:36.056 [main] INFO org.springframework.test.context.support.AnnotationConfigContextLoaderUtils -- Could not detect default configuration classes for test class [com.bolsadeideas.springboot.app.ParcialPruebasSaberApplicationTests]: ParcialPruebasSaberApplicationTests does not declare any static, non-private, non-final, nested classes annotated with @Configuration.
20:30:36.237 [main] INFO org.springframework.boot.test.context.SpringBootTestContextBootstrapper -- Found @SpringBootConfiguration com.bolsadeideas.springboot.app.ParcialPruebasSaberApplication for test class com.bolsadeideas.springboot.app.ParcialPruebasSaberApplicationTests
20:30:36.476 [main] INFO org.springframework.boot.devtools.restart.RestartApplicationListener -- Restart disabled due to context in which it is running

  .   ____          _            __ _ _
 /\\ / ___'_ __ _ _(_)_ __  __ _ \ \ \ \
( ( )\___ | '_ | '_| | '_ \/ _` | \ \ \ \
 \\/  ___)| |_)| | | | | || (_| |  ) ) ) )
  '  |____| .__|_| |_|_| |_\__, | / / / /
 =========|_|==============|___/=/_/_/_/
 :: Spring Boot ::                (v3.2.5)

2024-05-30T20:30:36.833-05:00  INFO 332 --- [Idiomas] [           main] .s.a.ParcialPruebasSaberApplicationTests : Starting ParcialPruebasSaberApplicationTests using Java 17.0.10 with PID 332 (started by cuent in C:\OscarTrabajos\SG-DEP-IDIOMAS)
2024-05-30T20:30:36.835-05:00  INFO 332 --- [Idiomas] [           main] .s.a.ParcialPruebasSaberApplicationTests : No active profile set, falling back to 1 default profile: "default"
2024-05-30T20:30:37.600-05:00  INFO 332 --- [Idiomas] [           main] .s.d.r.c.RepositoryConfigurationDelegate : Bootstrapping Spring Data MongoDB repositories in DEFAULT mode.
2024-05-30T20:30:37.666-05:00  INFO 332 --- [Idiomas] [           main] .s.d.r.c.RepositoryConfigurationDelegate : Finished Spring Data repository scanning in 60 ms. Found 2 MongoDB repository interfaces.
2024-05-30T20:30:39.347-05:00  INFO 332 --- [Idiomas] [           main] org.mongodb.driver.client                : MongoClient with metadata {"driver": {"name": "mongo-java-driver|sync|spring-boot", "version": "4.11.2"}, "os": {"type": "Windows", "name": "Windows 11", "architecture": "amd64", "version": "10.0"}, "platform": "Java/Eclipse Adoptium/17.0.10+7"} created with settings MongoClientSettings{readPreference=primary, writeConcern=WriteConcern{w=null, wTimeout=null ms, journal=null}, retryWrites=true, retryReads=true, readConcern=ReadConcern{level=null}, credential=MongoCredential{mechanism=null, userName='oscarpoveda679', source='admin', password=<hidden>, mechanismProperties=<hidden>}, transportSettings=null, streamFactoryFactory=null, commandListeners=[], codecRegistry=ProvidersCodecRegistry{codecProviders=[ValueCodecProvider{}, BsonValueCodecProvider{}, DBRefCodecProvider{}, DBObjectCodecProvider{}, DocumentCodecProvider{}, CollectionCodecProvider{}, IterableCodecProvider{}, MapCodecProvider{}, GeoJsonCodecProvider{}, GridFSFileCodecProvider{}, Jsr310CodecProvider{}, JsonObjectCodecProvider{}, BsonCodecProvider{}, EnumCodecProvider{}, com.mongodb.client.model.mql.ExpressionCodecProvider@1983b48a, com.mongodb.Jep395RecordCodecProvider@629a9f26, com.mongodb.KotlinCodecProvider@b791a81]}, loggerSettings=LoggerSettings{maxDocumentLength=1000}, clusterSettings={hosts=[127.0.0.1:27017], srvHost=idiomas.kbpbuto.mongodb.net, srvServiceName=mongodb, mode=MULTIPLE, requiredClusterType=REPLICA_SET, requiredReplicaSetName='atlas-m9mpqu-shard-0', serverSelector='null', clusterListeners='[]', serverSelectionTimeout='30000 ms', localThreshold='15 ms'}, socketSettings=SocketSettings{connectTimeoutMS=10000, readTimeoutMS=0, receiveBufferSize=0, proxySettings=ProxySettings{host=null, port=null, username=null, password=null}}, heartbeatSocketSettings=SocketSettings{connectTimeoutMS=10000, readTimeoutMS=10000, receiveBufferSize=0, proxySettings=ProxySettings{host=null, port=null, username=null, password=null}}, connectionPoolSettings=ConnectionPoolSettings{maxSize=100, minSize=0, maxWaitTimeMS=120000, maxConnectionLifeTimeMS=0, maxConnectionIdleTimeMS=0, maintenanceInitialDelayMS=0, maintenanceFrequencyMS=60000, connectionPoolListeners=[], maxConnecting=2}, serverSettings=ServerSettings{heartbeatFrequencyMS=10000, minHeartbeatFrequencyMS=500, serverListeners='[]', serverMonitorListeners='[]'}, sslSettings=SslSettings{enabled=true, invalidHostNameAllowed=false, context=null}, applicationName='null', compressorList=[], uuidRepresentation=JAVA_LEGACY, serverApi=null, autoEncryptionSettings=null, dnsClient=null, inetAddressResolver=null, contextProvider=null}
2024-05-30T20:30:39.360-05:00  INFO 332 --- [Idiomas] [uto.mongodb.net] org.mongodb.driver.cluster               : Adding discovered server ac-7zcxpzl-shard-00-00.kbpbuto.mongodb.net:27017 to client view of cluster
2024-05-30T20:30:39.381-05:00  INFO 332 --- [Idiomas] [uto.mongodb.net] org.mongodb.driver.cluster               : Adding discovered server ac-7zcxpzl-shard-00-02.kbpbuto.mongodb.net:27017 to client view of cluster
2024-05-30T20:30:39.383-05:00  INFO 332 --- [Idiomas] [uto.mongodb.net] org.mongodb.driver.cluster               : Adding discovered server ac-7zcxpzl-shard-00-01.kbpbuto.mongodb.net:27017 to client view of cluster
2024-05-30T20:30:40.026-05:00  INFO 332 --- [Idiomas] [           main] o.s.b.a.w.s.WelcomePageHandlerMapping    : Adding welcome page template: index
2024-05-30T20:30:40.463-05:00  INFO 332 --- [Idiomas] [ngodb.net:27017] org.mongodb.driver.cluster               : Monitor thread successfully connected to server with description ServerDescription{address=ac-7zcxpzl-shard-00-02.kbpbuto.mongodb.net:27017, type=REPLICA_SET_PRIMARY, state=CONNECTED, ok=true, minWireVersion=0, maxWireVersion=21, maxDocumentSize=16777216, logicalSessionTimeoutMinutes=30, roundTripTimeNanos=709106000, setName='atlas-m9mpqu-shard-0', canonicalAddress=ac-7zcxpzl-shard-00-02.kbpbuto.mongodb.net:27017, hosts=[ac-7zcxpzl-shard-00-01.kbpbuto.mongodb.net:27017, ac-7zcxpzl-shard-00-02.kbpbuto.mongodb.net:27017, ac-7zcxpzl-shard-00-00.kbpbuto.mongodb.net:27017], passives=[], arbiters=[], primary='ac-7zcxpzl-shard-00-02.kbpbuto.mongodb.net:27017', tagSet=TagSet{[Tag{name='availabilityZone', value='use1-az2'}, Tag{name='diskState', value='READY'}, Tag{name='nodeType', value='ELECTABLE'}, Tag{name='provider', value='AWS'}, Tag{name='region', value='US_EAST_1'}, Tag{name='workloadType', value='OPERATIONAL'}]}, electionId=7fffffff00000000000004dd, setVersion=41, topologyVersion=TopologyVersion{processId=66526c1d37d71b2211a592cb, counter=6}, lastWriteDate=Thu May 30 20:30:40 COT 2024, lastUpdateTimeNanos=115442365999500}
2024-05-30T20:30:40.463-05:00  INFO 332 --- [Idiomas] [ngodb.net:27017] org.mongodb.driver.cluster               : Monitor thread successfully connected to server with description ServerDescription{address=ac-7zcxpzl-shard-00-00.kbpbuto.mongodb.net:27017, type=REPLICA_SET_SECONDARY, state=CONNECTED, ok=true, minWireVersion=0, maxWireVersion=21, maxDocumentSize=16777216, logicalSessionTimeoutMinutes=30, roundTripTimeNanos=708941900, setName='atlas-m9mpqu-shard-0', canonicalAddress=ac-7zcxpzl-shard-00-00.kbpbuto.mongodb.net:27017, hosts=[ac-7zcxpzl-shard-00-01.kbpbuto.mongodb.net:27017, ac-7zcxpzl-shard-00-02.kbpbuto.mongodb.net:27017, ac-7zcxpzl-shard-00-00.kbpbuto.mongodb.net:27017], passives=[], arbiters=[], primary='ac-7zcxpzl-shard-00-02.kbpbuto.mongodb.net:27017', tagSet=TagSet{[Tag{name='availabilityZone', value='use1-az6'}, Tag{name='diskState', value='READY'}, Tag{name='nodeType', value='ELECTABLE'}, Tag{name='provider', value='AWS'}, Tag{name='region', value='US_EAST_1'}, Tag{name='workloadType', value='OPERATIONAL'}]}, electionId=null, setVersion=41, topologyVersion=TopologyVersion{processId=66526d1f7a8bf4cff168f991, counter=4}, lastWriteDate=Thu May 30 20:30:40 COT 2024, lastUpdateTimeNanos=115442365784700}
2024-05-30T20:30:40.464-05:00  INFO 332 --- [Idiomas] [ngodb.net:27017] org.mongodb.driver.cluster               : Monitor thread successfully connected to server with description ServerDescription{address=ac-7zcxpzl-shard-00-01.kbpbuto.mongodb.net:27017, type=REPLICA_SET_SECONDARY, state=CONNECTED, ok=true, minWireVersion=0, maxWireVersion=21, maxDocumentSize=16777216, logicalSessionTimeoutMinutes=30, roundTripTimeNanos=709183200, setName='atlas-m9mpqu-shard-0', canonicalAddress=ac-7zcxpzl-shard-00-01.kbpbuto.mongodb.net:27017, hosts=[ac-7zcxpzl-shard-00-01.kbpbuto.mongodb.net:27017, ac-7zcxpzl-shard-00-02.kbpbuto.mongodb.net:27017, ac-7zcxpzl-shard-00-00.kbpbuto.mongodb.net:27017], passives=[], arbiters=[], primary='ac-7zcxpzl-shard-00-02.kbpbuto.mongodb.net:27017', tagSet=TagSet{[Tag{name='availabilityZone', value='use1-az1'}, Tag{name='diskState', value='READY'}, Tag{name='nodeType', value='ELECTABLE'}, Tag{name='provider', value='AWS'}, Tag{name='region', value='US_EAST_1'}, Tag{name='workloadType', value='OPERATIONAL'}]}, electionId=null, setVersion=41, topologyVersion=TopologyVersion{processId=66526e77e628569ac8517b94, counter=3}, lastWriteDate=Thu May 30 20:30:40 COT 2024, lastUpdateTimeNanos=115442366021200}
2024-05-30T20:30:40.470-05:00  INFO 332 --- [Idiomas] [ngodb.net:27017] org.mongodb.driver.cluster               : Discovered replica set primary ac-7zcxpzl-shard-00-02.kbpbuto.mongodb.net:27017 with max election id 7fffffff00000000000004dd and max set version 41
2024-05-30T20:30:40.574-05:00  INFO 332 --- [Idiomas] [           main] .s.a.ParcialPruebasSaberApplicationTests : Started ParcialPruebasSaberApplicationTests in 4.114 seconds (process running for 5.629)
]]></system-out>
  </testcase>
</testsuite>